0 info it worked if it ends with ok
1 verbose cli [ 'C:\\Program Files (x86)\\Microsoft Visual Studio\\2017\\Professional\\Web\\External\\Node.exe',
1 verbose cli   'C:\\Program Files (x86)\\Microsoft Visual Studio\\2017\\Professional\\Web\\External\\node_modules\\npm\\bin\\npm-cli.js',
1 verbose cli   'install' ]
2 info using npm@3.3.4
3 info using node@v5.4.1
4 silly loadCurrentTree Starting
5 silly install loadCurrentTree
6 silly install readLocalPackageData
7 silly install normalizeTree
8 silly loadCurrentTree Finishing
9 silly loadIdealTree Starting
10 silly install loadIdealTree
11 silly cloneCurrentTree Starting
12 silly install cloneCurrentTreeToIdealTree
13 silly cloneCurrentTree Finishing
14 silly loadShrinkwrap Starting
15 silly install loadShrinkwrap
16 silly loadShrinkwrap Finishing
17 silly loadAllDepsIntoIdealTree Starting
18 silly install loadAllDepsIntoIdealTree
19 silly fetchNamedPackageData JQuery
20 silly mapToRegistry name JQuery
21 silly mapToRegistry using default registry
22 silly mapToRegistry registry https://registry.npmjs.org/
23 silly mapToRegistry uri https://registry.npmjs.org/JQuery
24 silly fetchOtherPackageData store.js@git://github.com/marcuswestin/store.js.git
25 silly cache add args [ 'store.js@git://github.com/marcuswestin/store.js.git', null ]
26 verbose cache add spec store.js@git://github.com/marcuswestin/store.js.git
27 verbose request uri https://registry.npmjs.org/JQuery
28 verbose request no auth needed
29 info attempt registry request try #1 at 5:59:59 PM
30 verbose request id ad6f475a2b7daec1
31 http request GET https://registry.npmjs.org/JQuery
32 silly cache add parsed spec Result {
32 silly cache add   raw: 'store.js@git://github.com/marcuswestin/store.js.git',
32 silly cache add   scope: null,
32 silly cache add   name: 'store.js',
32 silly cache add   rawSpec: 'git://github.com/marcuswestin/store.js.git',
32 silly cache add   spec: 'git://github.com/marcuswestin/store.js.git',
32 silly cache add   type: 'hosted',
32 silly cache add   hosted:
32 silly cache add    { type: 'github',
32 silly cache add      ssh: 'git@github.com:marcuswestin/store.js.git',
32 silly cache add      sshUrl: 'git+ssh://git@github.com/marcuswestin/store.js.git',
32 silly cache add      httpsUrl: 'git+https://github.com/marcuswestin/store.js.git',
32 silly cache add      gitUrl: 'git://github.com/marcuswestin/store.js.git',
32 silly cache add      shortcut: 'github:marcuswestin/store.js',
32 silly cache add      directUrl: 'https://raw.githubusercontent.com/marcuswestin/store.js/master/package.json' } }
33 verbose addRemoteGit caching git://github.com/marcuswestin/store.js.git
34 verbose addRemoteGit git://github.com/marcuswestin/store.js.git is a repository hosted by github
35 silly tryClone cloning git://github.com/marcuswestin/store.js.git via git://github.com/marcuswestin/store.js.git
36 verbose tryClone git-github-com-marcuswestin-store-js-git-2eac468840286756b7ac04cbe683f402 not in flight; caching
37 info git [ 'config', '--get', 'remote.origin.url' ]
38 silly validateExistingRemote git://github.com/marcuswestin/store.js.git remote.origin.url: git://github.com/marcuswestin/store.js.git
39 verbose validateExistingRemote git://github.com/marcuswestin/store.js.git is updating existing cached remote C:\Users\jsugden\AppData\Roaming\npm-cache\_git-remotes\git-github-com-marcuswestin-store-js-git-2eac468840286756b7ac04cbe683f402
40 info git [ 'fetch', '-a', 'origin' ]
41 verbose updateRemote git fetch -a origin (git://github.com/marcuswestin/store.js.git)
42 verbose setPermissions git://github.com/marcuswestin/store.js.git skipping chownr on Windows
43 verbose resolveHead git://github.com/marcuswestin/store.js.git original treeish: master
44 info git [ 'rev-list', '-n1', 'master' ]
45 silly resolveHead git://github.com/marcuswestin/store.js.git resolved treeish: 3d5dc4fbb2603007b044f3578e79eb0dcf7f41c2
46 verbose resolveHead git://github.com/marcuswestin/store.js.git resolved Git URL: git://github.com/marcuswestin/store.js.git#3d5dc4fbb2603007b044f3578e79eb0dcf7f41c2
47 silly resolveHead Git working directory: C:\Users\jsugden\AppData\Local\Temp\npm-20788-11f2a850\git-cache-3b678c9037ab026f4359467e23392b7d\3d5dc4fbb2603007b044f3578e79eb0dcf7f41c2
48 info git [ 'clone',
48 info git   'C:\\Users\\jsugden\\AppData\\Roaming\\npm-cache\\_git-remotes\\git-github-com-marcuswestin-store-js-git-2eac468840286756b7ac04cbe683f402',
48 info git   'C:\\Users\\jsugden\\AppData\\Local\\Temp\\npm-20788-11f2a850\\git-cache-3b678c9037ab026f4359467e23392b7d\\3d5dc4fbb2603007b044f3578e79eb0dcf7f41c2' ]
49 verbose cloneResolved git://github.com/marcuswestin/store.js.git clone Cloning into 'C:\Users\jsugden\AppData\Local\Temp\npm-20788-11f2a850\git-cache-3b678c9037ab026f4359467e23392b7d\3d5dc4fbb2603007b044f3578e79eb0dcf7f41c2'...
49 verbose cloneResolved done.
50 info git [ 'checkout', '3d5dc4fbb2603007b044f3578e79eb0dcf7f41c2' ]
51 verbose checkoutTreeish git://github.com/marcuswestin/store.js.git checkout Note: checking out '3d5dc4fbb2603007b044f3578e79eb0dcf7f41c2'.
51 verbose checkoutTreeish
51 verbose checkoutTreeish You are in 'detached HEAD' state. You can look around, make experimental
51 verbose checkoutTreeish changes and commit them, and you can discard any commits you make in this
51 verbose checkoutTreeish state without impacting any branches by performing another checkout.
51 verbose checkoutTreeish
51 verbose checkoutTreeish If you want to create a new branch to retain commits you create, you may
51 verbose checkoutTreeish do so (now or later) by using -b with the checkout command again. Example:
51 verbose checkoutTreeish
51 verbose checkoutTreeish   git checkout -b <new-branch-name>
51 verbose checkoutTreeish
51 verbose checkoutTreeish HEAD is now at 3d5dc4f... fix usage with script tag in installation instructions (#246)
52 verbose addLocalDirectory C:\Users\jsugden\AppData\Roaming\npm-cache\store\2.0.12\package.tgz not in flight; packing
53 verbose tar pack [ 'C:\\Users\\jsugden\\AppData\\Roaming\\npm-cache\\store\\2.0.12\\package.tgz',
53 verbose tar pack   'C:\\Users\\jsugden\\AppData\\Local\\Temp\\npm-20788-11f2a850\\git-cache-3b678c9037ab026f4359467e23392b7d\\3d5dc4fbb2603007b044f3578e79eb0dcf7f41c2' ]
54 verbose tarball C:\Users\jsugden\AppData\Roaming\npm-cache\store\2.0.12\package.tgz
55 verbose folder C:\Users\jsugden\AppData\Local\Temp\npm-20788-11f2a850\git-cache-3b678c9037ab026f4359467e23392b7d\3d5dc4fbb2603007b044f3578e79eb0dcf7f41c2
56 http 404 https://registry.npmjs.org/JQuery
57 verbose headers { 'content-type': 'application/json',
57 verbose headers   'cache-control': 'max-age=0',
57 verbose headers   'content-length': '2',
57 verbose headers   'accept-ranges': 'bytes',
57 verbose headers   date: 'Tue, 13 Feb 2018 23:59:59 GMT',
57 verbose headers   via: '1.1 varnish',
57 verbose headers   connection: 'keep-alive',
57 verbose headers   'x-served-by': 'cache-ord1732-ORD',
57 verbose headers   'x-cache': 'MISS',
57 verbose headers   'x-cache-hits': '0',
57 verbose headers   'x-timer': 'S1518566400.555813,VS0,VE426',
57 verbose headers   vary: 'Accept-Encoding' }
58 silly get cb [ 404,
58 silly get   { 'content-type': 'application/json',
58 silly get     'cache-control': 'max-age=0',
58 silly get     'content-length': '2',
58 silly get     'accept-ranges': 'bytes',
58 silly get     date: 'Tue, 13 Feb 2018 23:59:59 GMT',
58 silly get     via: '1.1 varnish',
58 silly get     connection: 'keep-alive',
58 silly get     'x-served-by': 'cache-ord1732-ORD',
58 silly get     'x-cache': 'MISS',
58 silly get     'x-cache-hits': '0',
58 silly get     'x-timer': 'S1518566400.555813,VS0,VE426',
58 silly get     vary: 'Accept-Encoding' } ]
59 silly fetchPackageMetaData Error: Registry returned 404 for GET on https://registry.npmjs.org/JQuery
59 silly fetchPackageMetaData     at makeError (C:\Program Files (x86)\Microsoft Visual Studio\2017\Professional\Web\External\node_modules\npm-registry-client\lib\request.js:264:12)
59 silly fetchPackageMetaData     at CachingRegistryClient.<anonymous> (C:\Program Files (x86)\Microsoft Visual Studio\2017\Professional\Web\External\node_modules\npm-registry-client\lib\request.js:242:14)
59 silly fetchPackageMetaData     at Request._callback (C:\Program Files (x86)\Microsoft Visual Studio\2017\Professional\Web\External\node_modules\npm-registry-client\lib\request.js:172:14)
59 silly fetchPackageMetaData     at Request.self.callback (C:\Program Files (x86)\Microsoft Visual Studio\2017\Professional\Web\External\node_modules\request\request.js:344:22)
59 silly fetchPackageMetaData     at emitTwo (events.js:87:13)
59 silly fetchPackageMetaData     at Request.emit (events.js:172:7)
59 silly fetchPackageMetaData     at Request.<anonymous> (C:\Program Files (x86)\Microsoft Visual Studio\2017\Professional\Web\External\node_modules\request\request.js:1239:14)
59 silly fetchPackageMetaData     at emitOne (events.js:82:20)
59 silly fetchPackageMetaData     at Request.emit (events.js:169:7)
59 silly fetchPackageMetaData     at IncomingMessage.<anonymous> (C:\Program Files (x86)\Microsoft Visual Studio\2017\Professional\Web\External\node_modules\request\request.js:1187:12)
59 silly fetchPackageMetaData  error for JQuery@>1.7 { [Error: Registry returned 404 for GET on https://registry.npmjs.org/JQuery] pkgid: 'JQuery', statusCode: 404, code: 'E404' }
60 verbose addLocalTarball adding from inside cache C:\Users\jsugden\AppData\Roaming\npm-cache\store\2.0.12\package.tgz
61 verbose addRemoteGit data._from: git://github.com/marcuswestin/store.js.git
62 verbose addRemoteGit data._resolved: git://github.com/marcuswestin/store.js.git#3d5dc4fbb2603007b044f3578e79eb0dcf7f41c2
63 silly cache afterAdd store@2.0.12
64 verbose afterAdd C:\Users\jsugden\AppData\Roaming\npm-cache\store\2.0.12\package\package.json not in flight; writing
65 verbose afterAdd C:\Users\jsugden\AppData\Roaming\npm-cache\store\2.0.12\package\package.json written
66 silly resolveWithNewModule store@2.0.12 checking installable status
67 silly rollbackFailedOptional Starting
68 silly rollbackFailedOptional Finishing
69 silly runTopLevelLifecycles Starting
70 silly runTopLevelLifecycles Finishing
71 silly install printInstalled
72 verbose stack Error: Registry returned 404 for GET on https://registry.npmjs.org/JQuery
72 verbose stack     at makeError (C:\Program Files (x86)\Microsoft Visual Studio\2017\Professional\Web\External\node_modules\npm-registry-client\lib\request.js:264:12)
72 verbose stack     at CachingRegistryClient.<anonymous> (C:\Program Files (x86)\Microsoft Visual Studio\2017\Professional\Web\External\node_modules\npm-registry-client\lib\request.js:242:14)
72 verbose stack     at Request._callback (C:\Program Files (x86)\Microsoft Visual Studio\2017\Professional\Web\External\node_modules\npm-registry-client\lib\request.js:172:14)
72 verbose stack     at Request.self.callback (C:\Program Files (x86)\Microsoft Visual Studio\2017\Professional\Web\External\node_modules\request\request.js:344:22)
72 verbose stack     at emitTwo (events.js:87:13)
72 verbose stack     at Request.emit (events.js:172:7)
72 verbose stack     at Request.<anonymous> (C:\Program Files (x86)\Microsoft Visual Studio\2017\Professional\Web\External\node_modules\request\request.js:1239:14)
72 verbose stack     at emitOne (events.js:82:20)
72 verbose stack     at Request.emit (events.js:169:7)
72 verbose stack     at IncomingMessage.<anonymous> (C:\Program Files (x86)\Microsoft Visual Studio\2017\Professional\Web\External\node_modules\request\request.js:1187:12)
73 verbose statusCode 404
74 verbose pkgid JQuery
75 verbose cwd C:\_Git\libs\jquery-idleTimeout
76 error Windows_NT 10.0.16299
77 error argv "C:\\Program Files (x86)\\Microsoft Visual Studio\\2017\\Professional\\Web\\External\\Node.exe" "C:\\Program Files (x86)\\Microsoft Visual Studio\\2017\\Professional\\Web\\External\\node_modules\\npm\\bin\\npm-cli.js" "install"
78 error node v5.4.1
79 error npm  v3.3.4
80 error code E404
81 error 404 Registry returned 404 for GET on https://registry.npmjs.org/JQuery
81 error 404
81 error 404 'JQuery' is not in the npm registry.
81 error 404 Your package name is not valid, because
81 error 404
81 error 404  1. name can no longer contain capital letters
81 error 404 It was specified as a dependency of 'jquery-idletimeoutmodule'
81 error 404
81 error 404 Note that you can also install from a
81 error 404 tarball, folder, http url, or git url.
82 verbose exit [ 1, true ]
